<?xml version="1.0" encoding="UTF-8"?>
<!-- Generated by org.testng.reporters.JUnitReportReporter -->
<testsuite hostname="HP-RW368" name="test.FocusAutoTest" tests="1" failures="0" timestamp="25 Oct 2019 13:50:07 GMT" time="8.396" errors="0">
  <testcase name="myTest" time="8.396" classname="test.FocusAutoTest"/>
</testsuite> <!-- test.FocusAutoTest -->
